<?xml version="1.0" encoding="UTF-8"?>
<testsuite name="library.LibraryApplicationTests" tests="1" skipped="0" failures="0" errors="0" timestamp="2021-11-28T14:57:58" hostname="DESKTOP-PCFGSFN" time="2.993">
  <properties/>
  <testcase name="test_put_new_book()" classname="library.LibraryApplicationTests" time="2.993"/>
  <system-out><![CDATA[15:57:50.340 [Test worker] DEBUG org.springframework.test.context.BootstrapUtils - Instantiating CacheAwareContextLoaderDelegate from class [org.springframework.test.context.cache.DefaultCacheAwareContextLoaderDelegate]
15:57:50.357 [Test worker] DEBUG org.springframework.test.context.BootstrapUtils - Instantiating BootstrapContext using constructor [public org.springframework.test.context.support.DefaultBootstrapContext(java.lang.Class,org.springframework.test.context.CacheAwareContextLoaderDelegate)]
15:57:50.414 [Test worker] DEBUG org.springframework.test.context.BootstrapUtils - Instantiating TestContextBootstrapper for test class [library.LibraryApplicationTests] from class [org.springframework.boot.test.context.SpringBootTestContextBootstrapper]
15:57:50.435 [Test worker] INFO org.springframework.boot.test.context.SpringBootTestContextBootstrapper - Neither @ContextConfiguration nor @ContextHierarchy found for test class [library.LibraryApplicationTests], using SpringBootContextLoader
15:57:50.440 [Test worker] DEBUG org.springframework.test.context.support.AbstractContextLoader - Did not detect default resource location for test class [library.LibraryApplicationTests]: class path resource [library/LibraryApplicationTests-context.xml] does not exist
15:57:50.441 [Test worker] DEBUG org.springframework.test.context.support.AbstractContextLoader - Did not detect default resource location for test class [library.LibraryApplicationTests]: class path resource [library/LibraryApplicationTestsContext.groovy] does not exist
15:57:50.441 [Test worker] INFO org.springframework.test.context.support.AbstractContextLoader - Could not detect default resource locations for test class [library.LibraryApplicationTests]: no resource found for suffixes {-context.xml, Context.groovy}.
15:57:50.443 [Test worker] INFO org.springframework.test.context.support.AnnotationConfigContextLoaderUtils - Could not detect default configuration classes for test class [library.LibraryApplicationTests]: LibraryApplicationTests does not declare any static, non-private, non-final, nested classes annotated with @Configuration.
15:57:50.516 [Test worker] DEBUG org.springframework.test.context.support.ActiveProfilesUtils - Could not find an 'annotation declaring class' for annotation type [org.springframework.test.context.ActiveProfiles] and class [library.LibraryApplicationTests]
15:57:50.611 [Test worker] DEBUG org.springframework.context.annotation.ClassPathScanningCandidateComponentProvider - Identified candidate component class: file [C:\Users\matti\Desktop\TESINA\DA INVIARE\library_vulnerable\build\classes\java\main\library\LibraryApplication.class]
15:57:50.617 [Test worker] INFO org.springframework.boot.test.context.SpringBootTestContextBootstrapper - Found @SpringBootConfiguration library.LibraryApplication for test class library.LibraryApplicationTests
15:57:50.837 [Test worker] DEBUG org.springframework.boot.test.context.SpringBootTestContextBootstrapper - @TestExecutionListeners is not present for class [library.LibraryApplicationTests]: using defaults.
15:57:50.838 [Test worker] INFO org.springframework.boot.test.context.SpringBootTestContextBootstrapper - Loaded default TestExecutionListener class names from location [META-INF/spring.factories]: [org.springframework.boot.test.autoconfigure.restdocs.RestDocsTestExecutionListener, org.springframework.boot.test.autoconfigure.web.client.MockRestServiceServerResetTestExecutionListener, org.springframework.boot.test.autoconfigure.web.servlet.MockMvcPrintOnlyOnFailureTestExecutionListener, org.springframework.boot.test.autoconfigure.web.servlet.WebDriverTestExecutionListener, org.springframework.boot.test.autoconfigure.webservices.client.MockWebServiceServerTestExecutionListener, org.springframework.boot.test.mock.mockito.MockitoTestExecutionListener, org.springframework.boot.test.mock.mockito.ResetMocksTestExecutionListener, org.springframework.test.context.web.ServletTestExecutionListener, org.springframework.test.context.support.DirtiesContextBeforeModesTestExecutionListener, org.springframework.test.context.event.ApplicationEventsTestExecutionListener, org.springframework.test.context.support.DependencyInjectionTestExecutionListener, org.springframework.test.context.support.DirtiesContextTestExecutionListener, org.springframework.test.context.transaction.TransactionalTestExecutionListener, org.springframework.test.context.jdbc.SqlScriptsTestExecutionListener, org.springframework.test.context.event.EventPublishingTestExecutionListener]
15:57:50.863 [Test worker] INFO org.springframework.boot.test.context.SpringBootTestContextBootstrapper - Using TestExecutionListeners: [org.springframework.test.context.web.ServletTestExecutionListener@4a8ab068, org.springframework.test.context.support.DirtiesContextBeforeModesTestExecutionListener@1922e6d, org.springframework.test.context.event.ApplicationEventsTestExecutionListener@76a82f33, org.springframework.boot.test.mock.mockito.MockitoTestExecutionListener@6bab2585, org.springframework.boot.test.autoconfigure.SpringBootDependencyInjectionTestExecutionListener@74bdc168, org.springframework.test.context.support.DirtiesContextTestExecutionListener@644c78d4, org.springframework.test.context.transaction.TransactionalTestExecutionListener@532a02d9, org.springframework.test.context.jdbc.SqlScriptsTestExecutionListener@611f8234, org.springframework.test.context.event.EventPublishingTestExecutionListener@7bb3a9fe, org.springframework.boot.test.autoconfigure.restdocs.RestDocsTestExecutionListener@7cbee484, org.springframework.boot.test.autoconfigure.web.client.MockRestServiceServerResetTestExecutionListener@7f811d00, org.springframework.boot.test.autoconfigure.web.servlet.MockMvcPrintOnlyOnFailureTestExecutionListener@62923ee6, org.springframework.boot.test.autoconfigure.web.servlet.WebDriverTestExecutionListener@4089713, org.springframework.boot.test.autoconfigure.webservices.client.MockWebServiceServerTestExecutionListener@f19c9d2, org.springframework.boot.test.mock.mockito.ResetMocksTestExecutionListener@7807ac2c]
15:57:50.869 [Test worker] DEBUG org.springframework.test.context.support.AbstractDirtiesContextTestExecutionListener - Before test class: context [DefaultTestContext@49f5c307 testClass = LibraryApplicationTests, testInstance = [null], testMethod = [null], testException = [null], mergedContextConfiguration = [WebMergedContextConfiguration@299266e2 testClass = LibraryApplicationTests, locations = '{}', classes = '{class library.LibraryApplication}', contextInitializerClasses = '[]', activeProfiles = '{}', propertySourceLocations = '{}', propertySourceProperties = '{org.springframework.boot.test.context.SpringBootTestContextBootstrapper=true, server.port=0}', contextCustomizers = set[org.springframework.boot.test.autoconfigure.actuate.metrics.MetricsExportContextCustomizerFactory$DisableMetricExportContextCustomizer@33fe57a9, org.springframework.boot.test.autoconfigure.properties.PropertyMappingContextCustomizer@0, org.springframework.boot.test.autoconfigure.web.servlet.WebDriverContextCustomizerFactory$Customizer@63798ca7, org.springframework.boot.test.context.filter.ExcludeFilterContextCustomizer@2a448449, org.springframework.boot.test.json.DuplicateJsonObjectContextCustomizerFactory$DuplicateJsonObjectContextCustomizer@e54303, org.springframework.boot.test.mock.mockito.MockitoContextCustomizer@0, org.springframework.boot.test.web.client.TestRestTemplateContextCustomizer@2eee3069, org.springframework.boot.test.context.SpringBootTestArgs@1, org.springframework.boot.test.context.SpringBootTestWebEnvironment@156b88f5], resourceBasePath = 'src/main/webapp', contextLoader = 'org.springframework.boot.test.context.SpringBootContextLoader', parent = [null]], attributes = map['org.springframework.test.context.web.ServletTestExecutionListener.activateListener' -> false]], class annotated with @DirtiesContext [false] with mode [null].
15:57:50.886 [Test worker] DEBUG org.springframework.test.context.support.DependencyInjectionTestExecutionListener - Performing dependency injection for test context [[DefaultTestContext@49f5c307 testClass = LibraryApplicationTests, testInstance = library.LibraryApplicationTests@138fe6ec, testMethod = [null], testException = [null], mergedContextConfiguration = [WebMergedContextConfiguration@299266e2 testClass = LibraryApplicationTests, locations = '{}', classes = '{class library.LibraryApplication}', contextInitializerClasses = '[]', activeProfiles = '{}', propertySourceLocations = '{}', propertySourceProperties = '{org.springframework.boot.test.context.SpringBootTestContextBootstrapper=true, server.port=0}', contextCustomizers = set[org.springframework.boot.test.autoconfigure.actuate.metrics.MetricsExportContextCustomizerFactory$DisableMetricExportContextCustomizer@33fe57a9, org.springframework.boot.test.autoconfigure.properties.PropertyMappingContextCustomizer@0, org.springframework.boot.test.autoconfigure.web.servlet.WebDriverContextCustomizerFactory$Customizer@63798ca7, org.springframework.boot.test.context.filter.ExcludeFilterContextCustomizer@2a448449, org.springframework.boot.test.json.DuplicateJsonObjectContextCustomizerFactory$DuplicateJsonObjectContextCustomizer@e54303, org.springframework.boot.test.mock.mockito.MockitoContextCustomizer@0, org.springframework.boot.test.web.client.TestRestTemplateContextCustomizer@2eee3069, org.springframework.boot.test.context.SpringBootTestArgs@1, org.springframework.boot.test.context.SpringBootTestWebEnvironment@156b88f5], resourceBasePath = 'src/main/webapp', contextLoader = 'org.springframework.boot.test.context.SpringBootContextLoader', parent = [null]], attributes = map['org.springframework.test.context.web.ServletTestExecutionListener.activateListener' -> false, 'org.springframework.test.context.event.ApplicationEventsTestExecutionListener.recordApplicationEvents' -> false]]].
15:57:50.922 [Test worker] DEBUG org.springframework.test.context.support.TestPropertySourceUtils - Adding inlined properties to environment: {spring.jmx.enabled=false, org.springframework.boot.test.context.SpringBootTestContextBootstrapper=true, server.port=0}

  .   ____          _            __ _ _
 /\\ / ___'_ __ _ _(_)_ __  __ _ \ \ \ \
( ( )\___ | '_ | '_| | '_ \/ _` | \ \ \ \
 \\/  ___)| |_)| | | | | || (_| |  ) ) ) )
  '  |____| .__|_| |_|_| |_\__, | / / / /
 =========|_|==============|___/=/_/_/_/
 :: Spring Boot ::                (v2.5.5)

2021-11-28 15:57:51.406  INFO 8756 --- [    Test worker] library.LibraryApplicationTests          : Starting LibraryApplicationTests using Java 16.0.2 on DESKTOP-PCFGSFN with PID 8756 (started by matti in C:\Users\matti\Desktop\TESINA\DA INVIARE\library_vulnerable)
2021-11-28 15:57:51.409  INFO 8756 --- [    Test worker] library.LibraryApplicationTests          : No active profile set, falling back to default profiles: default
2021-11-28 15:57:52.770  INFO 8756 --- [    Test worker] .s.d.r.c.RepositoryConfigurationDelegate : Bootstrapping Spring Data JPA repositories in DEFAULT mode.
2021-11-28 15:57:52.857  INFO 8756 --- [    Test worker] .s.d.r.c.RepositoryConfigurationDelegate : Finished Spring Data repository scanning in 73 ms. Found 2 JPA repository interfaces.
2021-11-28 15:57:53.941  INFO 8756 --- [    Test worker] o.s.b.w.embedded.tomcat.TomcatWebServer  : Tomcat initialized with port(s): 0 (http)
2021-11-28 15:57:53.963  INFO 8756 --- [    Test worker] o.apache.catalina.core.StandardService   : Starting service [Tomcat]
2021-11-28 15:57:53.964  INFO 8756 --- [    Test worker] org.apache.catalina.core.StandardEngine  : Starting Servlet engine: [Apache Tomcat/9.0.53]
2021-11-28 15:57:54.147  INFO 8756 --- [    Test worker] o.a.c.c.C.[Tomcat].[localhost].[/]       : Initializing Spring embedded WebApplicationContext
2021-11-28 15:57:54.148  INFO 8756 --- [    Test worker] w.s.c.ServletWebServerApplicationContext : Root WebApplicationContext: initialization completed in 2278 ms
2021-11-28 15:57:54.234  INFO 8756 --- [    Test worker] com.zaxxer.hikari.HikariDataSource       : HikariPool-1 - Starting...
2021-11-28 15:57:54.509  INFO 8756 --- [    Test worker] com.zaxxer.hikari.HikariDataSource       : HikariPool-1 - Start completed.
2021-11-28 15:57:54.518  INFO 8756 --- [    Test worker] o.s.b.a.h2.H2ConsoleAutoConfiguration    : H2 console available at '/h2-console'. Database available at 'jdbc:h2:mem:crm'
2021-11-28 15:57:54.929  INFO 8756 --- [    Test worker] o.hibernate.jpa.internal.util.LogHelper  : HHH000204: Processing PersistenceUnitInfo [name: default]
2021-11-28 15:57:55.036  INFO 8756 --- [    Test worker] org.hibernate.Version                    : HHH000412: Hibernate ORM core version 5.4.32.Final
2021-11-28 15:57:55.261  INFO 8756 --- [    Test worker] o.hibernate.annotations.common.Version   : HCANN000001: Hibernate Commons Annotations {5.1.2.Final}
2021-11-28 15:57:55.434  INFO 8756 --- [    Test worker] org.hibernate.dialect.Dialect            : HHH000400: Using dialect: org.hibernate.dialect.H2Dialect
2021-11-28 15:57:56.332  INFO 8756 --- [    Test worker] o.h.e.t.j.p.i.JtaPlatformInitiator       : HHH000490: Using JtaPlatform implementation: [org.hibernate.engine.transaction.jta.platform.internal.NoJtaPlatform]
2021-11-28 15:57:56.350  INFO 8756 --- [    Test worker] j.LocalContainerEntityManagerFactoryBean : Initialized JPA EntityManagerFactory for persistence unit 'default'
2021-11-28 15:57:56.949  WARN 8756 --- [    Test worker] JpaBaseConfiguration$JpaWebConfiguration : spring.jpa.open-in-view is enabled by default. Therefore, database queries may be performed during view rendering. Explicitly configure spring.jpa.open-in-view to disable this warning
2021-11-28 15:57:58.226  INFO 8756 --- [    Test worker] o.s.b.w.embedded.tomcat.TomcatWebServer  : Tomcat started on port(s): 14266 (http) with context path ''
2021-11-28 15:57:58.238  INFO 8756 --- [    Test worker] library.LibraryApplicationTests          : Started LibraryApplicationTests in 7.312 seconds (JVM running for 9.235)
2021-11-28 15:57:58.396  INFO 8756 --- [    Test worker] library.LoadDatabase                     : Preloading Book [ISBN=123456, titolo=Le tigri di Mompracem, autore=Emilio Salgari, genere=Romanzo, annoPubblicazione=1900 user= [User [user_name=Mattia99, password=12345, role=ROLE_USER]]]
2021-11-28 15:57:58.446  INFO 8756 --- [    Test worker] library.LoadDatabase                     : Preloading Book [ISBN=121212, titolo=1984, autore=George Orwell, genere=Romanzo, annoPubblicazione=1949 user= [User [user_name=Giorgio99, password=ciao, role=ROLE_ADMIN], User [user_name=Mattia99, password=12345, role=ROLE_USER]]]
2021-11-28 15:57:58.453  INFO 8756 --- [    Test worker] library.LoadDatabase                     : Preloading User [user_name=Mattia99, password=12345, role=ROLE_USER]
2021-11-28 15:57:58.457  INFO 8756 --- [    Test worker] library.LoadDatabase                     : Preloading User [user_name=Giorgio99, password=ciao, role=ROLE_ADMIN]
2021-11-28 15:57:59.992  INFO 8756 --- [o-auto-1-exec-1] o.a.c.c.C.[Tomcat].[localhost].[/]       : Initializing Spring DispatcherServlet 'dispatcherServlet'
2021-11-28 15:57:59.993  INFO 8756 --- [o-auto-1-exec-1] o.s.web.servlet.DispatcherServlet        : Initializing Servlet 'dispatcherServlet'
2021-11-28 15:57:59.994  INFO 8756 --- [o-auto-1-exec-1] o.s.web.servlet.DispatcherServlet        : Completed initialization in 1 ms
]]></system-out>
  <system-err><![CDATA[]]></system-err>
</testsuite>
